0 info it worked if it ends with ok
1 verbose cli [ 'C:\\Program Files\\nodejs\\node.exe',
1 verbose cli   'C:\\Program Files\\nodejs\\node_modules\\npm\\bin\\npm-cli.js',
1 verbose cli   'run',
1 verbose cli   'build' ]
2 info using npm@3.10.10
3 info using node@v6.10.2
4 verbose run-script [ 'prebuild', 'build', 'postbuild' ]
5 info lifecycle cesium@1.53.0~prebuild: cesium@1.53.0
6 silly lifecycle cesium@1.53.0~prebuild: no script for prebuild, continuing
7 info lifecycle cesium@1.53.0~build: cesium@1.53.0
8 verbose lifecycle cesium@1.53.0~build: unsafe-perm in lifecycle true
9 verbose lifecycle cesium@1.53.0~build: PATH: C:\Program Files\nodejs\node_modules\npm\bin\node-gyp-bin;C:\xampp\htdocs\CesiumFPSCamera\node_modules\.bin;C:\Windows\system32;C:\Windows;C:\Windows\System32\Wbem;C:\Windows\System32\WindowsPowerShell\v1.0\;C:\Program Files (x86)\ATI Technologies\ATI.ACE\Core-Static;C:\Program Files\Git\cmd;C:\Program Files\TortoiseGit\bin;C:\Program Files\Microsoft Windows Performance Toolkit\;C:\Program Files\nodejs\;C:\Program Files (x86)\GtkSharp\2.12\bin;C:\xampp\php;C:\composer;C:\Program Files (x86)\Windows Kits\8.1\Windows Performance Toolkit\;C:\Program Files\Microsoft SQL Server\110\Tools\Binn\;C:\Program Files\PuTTY\;C:\ProgramData\ComposerSetup\bin;C:\Users\wugis3\AppData\Local\Microsoft\WindowsApps;C:\Users\wugis3\AppData\Roaming\npm;C:\Users\wugis3\AppData\Roaming\Composer\vendor\bin
10 verbose lifecycle cesium@1.53.0~build: CWD: C:\xampp\htdocs\CesiumFPSCamera
11 silly lifecycle cesium@1.53.0~build: Args: [ '/d /s /c', 'gulp build' ]
12 silly lifecycle cesium@1.53.0~build: Returned: code: 1  signal: null
13 info lifecycle cesium@1.53.0~build: Failed to exec build script
14 verbose stack Error: cesium@1.53.0 build: `gulp build`
14 verbose stack Exit status 1
14 verbose stack     at EventEmitter.<anonymous> (C:\Program Files\nodejs\node_modules\npm\lib\utils\lifecycle.js:255:16)
14 verbose stack     at emitTwo (events.js:106:13)
14 verbose stack     at EventEmitter.emit (events.js:191:7)
14 verbose stack     at ChildProcess.<anonymous> (C:\Program Files\nodejs\node_modules\npm\lib\utils\spawn.js:40:14)
14 verbose stack     at emitTwo (events.js:106:13)
14 verbose stack     at ChildProcess.emit (events.js:191:7)
14 verbose stack     at maybeClose (internal/child_process.js:886:16)
14 verbose stack     at Process.ChildProcess._handle.onexit (internal/child_process.js:226:5)
15 verbose pkgid cesium@1.53.0
16 verbose cwd C:\xampp\htdocs\CesiumFPSCamera
17 error Windows_NT 10.0.14393
18 error argv "C:\\Program Files\\nodejs\\node.exe" "C:\\Program Files\\nodejs\\node_modules\\npm\\bin\\npm-cli.js" "run" "build"
19 error node v6.10.2
20 error npm  v3.10.10
21 error code ELIFECYCLE
22 error cesium@1.53.0 build: `gulp build`
22 error Exit status 1
23 error Failed at the cesium@1.53.0 build script 'gulp build'.
23 error Make sure you have the latest version of node.js and npm installed.
23 error If you do, this is most likely a problem with the cesium package,
23 error not with npm itself.
23 error Tell the author that this fails on your system:
23 error     gulp build
23 error You can get information on how to open an issue for this project with:
23 error     npm bugs cesium
23 error Or if that isn't available, you can get their info via:
23 error     npm owner ls cesium
23 error There is likely additional logging output above.
24 verbose exit [ 1, true ]
